[debug] [2020-10-08T19:41:30.914Z] ----------------------------------------------------------------------
[debug] [2020-10-08T19:41:30.916Z] Command:       /usr/local/bin/node /usr/local/bin/firebase deploy
[debug] [2020-10-08T19:41:30.916Z] CLI Version:   8.4.3
[debug] [2020-10-08T19:41:30.916Z] Platform:      darwin
[debug] [2020-10-08T19:41:30.916Z] Node Version:  v12.18.0
[debug] [2020-10-08T19:41:30.917Z] Time:          Thu Oct 08 2020 22:41:30 GMT+0300 (Israel Daylight Time)
[debug] [2020-10-08T19:41:30.917Z] ----------------------------------------------------------------------
[debug] [2020-10-08T19:41:30.917Z] 
[debug] [2020-10-08T19:41:30.924Z] > command requires scopes: ["email","openid","https://www.googleapis.com/auth/cloudplatformprojects.readonly","https://www.googleapis.com/auth/firebase","https://www.googleapis.com/auth/cloud-platform"]
[debug] [2020-10-08T19:41:30.925Z] > authorizing via signed-in user
[debug] [2020-10-08T19:41:30.925Z] [iam] checking project professor8-7f7e6 for permissions ["cloudfunctions.functions.create","cloudfunctions.functions.delete","cloudfunctions.functions.get","cloudfunctions.functions.list","cloudfunctions.functions.update","cloudfunctions.operations.get","datastore.indexes.create","datastore.indexes.delete","datastore.indexes.list","datastore.indexes.update","firebase.projects.get","firebasehosting.sites.update"]
[debug] [2020-10-08T19:41:30.927Z] >>> HTTP REQUEST POST https://cloudresourcemanager.googleapis.com/v1/projects/professor8-7f7e6:testIamPermissions  
 {"permissions":["cloudfunctions.functions.create","cloudfunctions.functions.delete","cloudfunctions.functions.get","cloudfunctions.functions.list","cloudfunctions.functions.update","cloudfunctions.operations.get","datastore.indexes.create","datastore.indexes.delete","datastore.indexes.list","datastore.indexes.update","firebase.projects.get","firebasehosting.sites.update"]}
[debug] [2020-10-08T19:41:32.093Z] <<< HTTP RESPONSE 200 {"content-type":"application/json; charset=UTF-8","vary":"X-Origin, Referer, Origin,Accept-Encoding","date":"Thu, 08 Oct 2020 19:41:31 GMT","server":"ESF","cache-control":"private","x-xss-protection":"0","x-frame-options":"SAMEORIGIN","x-content-type-options":"nosniff","server-timing":"gfet4t7; dur=656","alt-svc":"h3-Q050=\":443\"; ma=2592000,h3-29=\":443\"; ma=2592000,h3-27=\":443\"; ma=2592000,h3-T051=\":443\"; ma=2592000,h3-T050=\":443\"; ma=2592000,h3-Q046=\":443\"; ma=2592000,h3-Q043=\":443\"; ma=2592000,quic=\":443\"; ma=2592000; v=\"46,43\"","accept-ranges":"none","transfer-encoding":"chunked"}
[debug] [2020-10-08T19:41:32.095Z] >>> HTTP REQUEST POST https://iam.googleapis.com/v1/projects/professor8-7f7e6/serviceAccounts/professor8-7f7e6@appspot.gserviceaccount.com:testIamPermissions  
 {"permissions":["iam.serviceAccounts.actAs"]}
[debug] [2020-10-08T19:41:33.212Z] <<< HTTP RESPONSE 200 {"content-type":"application/json; charset=UTF-8","vary":"X-Origin, Referer, Origin,Accept-Encoding","date":"Thu, 08 Oct 2020 19:41:33 GMT","server":"ESF","cache-control":"private","x-xss-protection":"0","x-frame-options":"SAMEORIGIN","x-content-type-options":"nosniff","alt-svc":"h3-Q050=\":443\"; ma=2592000,h3-29=\":443\"; ma=2592000,h3-27=\":443\"; ma=2592000,h3-T051=\":443\"; ma=2592000,h3-T050=\":443\"; ma=2592000,h3-Q046=\":443\"; ma=2592000,h3-Q043=\":443\"; ma=2592000,quic=\":443\"; ma=2592000; v=\"46,43\"","accept-ranges":"none","transfer-encoding":"chunked"}
[debug] [2020-10-08T19:41:33.215Z] >>> HTTP REQUEST GET https://firebase.googleapis.com/v1beta1/projects/professor8-7f7e6  
 
[debug] [2020-10-08T19:41:34.694Z] <<< HTTP RESPONSE 200 {"content-type":"application/json; charset=UTF-8","vary":"X-Origin, Referer, Origin,Accept-Encoding","date":"Thu, 08 Oct 2020 19:41:34 GMT","server":"ESF","cache-control":"private","x-xss-protection":"0","x-frame-options":"SAMEORIGIN","x-content-type-options":"nosniff","alt-svc":"h3-Q050=\":443\"; ma=2592000,h3-29=\":443\"; ma=2592000,h3-27=\":443\"; ma=2592000,h3-T051=\":443\"; ma=2592000,h3-T050=\":443\"; ma=2592000,h3-Q046=\":443\"; ma=2592000,h3-Q043=\":443\"; ma=2592000,quic=\":443\"; ma=2592000; v=\"46,43\"","accept-ranges":"none","transfer-encoding":"chunked"}
[info] 
[info] === Deploying to 'professor8-7f7e6'...
[info] 
[info] i  deploying firestore, functions, hosting 
[info] i  firestore: reading indexes from firestore.indexes.json... 
[info] i  cloud.firestore: checking firestore.rules for compilation errors... 
[debug] [2020-10-08T19:41:36.465Z] >>> HTTP REQUEST POST https://firebaserules.googleapis.com/v1/projects/professor8-7f7e6:test  
 {"source":{"files":[{"name":"firestore.rules","content":"rules_version = '2';\nservice cloud.firestore {\n  match /databases/{database}/documents {\n    match /{document=**} {\n      allow read, write: if true;\n    }\n  }\n}"}]}}
[debug] [2020-10-08T19:41:37.514Z] <<< HTTP RESPONSE 200 {"content-type":"application/json; charset=UTF-8","vary":"X-Origin, Referer, Origin,Accept-Encoding","date":"Thu, 08 Oct 2020 19:41:37 GMT","server":"ESF","cache-control":"private","x-xss-protection":"0","x-frame-options":"SAMEORIGIN","x-content-type-options":"nosniff","alt-svc":"h3-Q050=\":443\"; ma=2592000,h3-29=\":443\"; ma=2592000,h3-27=\":443\"; ma=2592000,h3-T051=\":443\"; ma=2592000,h3-T050=\":443\"; ma=2592000,h3-Q046=\":443\"; ma=2592000,h3-Q043=\":443\"; ma=2592000,quic=\":443\"; ma=2592000; v=\"46,43\"","accept-ranges":"none","transfer-encoding":"chunked"}
[info] ✔  cloud.firestore: rules file firestore.rules compiled successfully 
[debug] [2020-10-08T19:41:37.519Z] > [functions] package.json contents: {
  "name": "functions",
  "description": "Cloud Functions for Firebase",
  "scripts": {
    "serve": "firebase emulators:start --only functions",
    "shell": "firebase functions:shell",
    "start": "npm run shell",
    "deploy": "firebase deploy --only functions",
    "logs": "firebase functions:log"
  },
  "engines": {
    "node": "8"
  },
  "dependencies": {
    "firebase-admin": "^8.10.0",
    "firebase-functions": "^3.6.1"
  },
  "devDependencies": {
    "firebase-functions-test": "^0.2.0"
  },
  "private": true
}
[info] i  functions: ensuring required API cloudfunctions.googleapis.com is enabled... 
[debug] [2020-10-08T19:41:38.339Z] [functions] runtime dependency check dates: warning: 2020-05-21T00:00:00.000Z error: 2020-07-09T00:00:00.000Z
[warn] 
[warn] ⚠  functions: The Node.js 8 runtime is deprecated and will be decommissioned on 2020-12-05. For more information, see: https://firebase.google.com/support/faq#functions-runtime 
[warn] 
[debug] [2020-10-08T19:41:38.342Z] >>> HTTP REQUEST GET https://serviceusage.googleapis.com/v1/projects/professor8-7f7e6/services/cloudfunctions.googleapis.com  
 
[debug] [2020-10-08T19:41:38.342Z] >>> HTTP REQUEST GET https://serviceusage.googleapis.com/v1/projects/professor8-7f7e6/services/runtimeconfig.googleapis.com  
 
[debug] [2020-10-08T19:41:39.340Z] <<< HTTP RESPONSE 200 {"content-type":"application/json; charset=UTF-8","vary":"X-Origin, Referer, Origin,Accept-Encoding","date":"Thu, 08 Oct 2020 19:41:38 GMT","server":"ESF","cache-control":"private","x-xss-protection":"0","x-frame-options":"SAMEORIGIN","x-content-type-options":"nosniff","alt-svc":"h3-Q050=\":443\"; ma=2592000,h3-29=\":443\"; ma=2592000,h3-27=\":443\"; ma=2592000,h3-T051=\":443\"; ma=2592000,h3-T050=\":443\"; ma=2592000,h3-Q046=\":443\"; ma=2592000,h3-Q043=\":443\"; ma=2592000,quic=\":443\"; ma=2592000; v=\"46,43\"","accept-ranges":"none","transfer-encoding":"chunked"}
[info] ✔  functions: required API cloudfunctions.googleapis.com is enabled 
[debug] [2020-10-08T19:41:39.508Z] <<< HTTP RESPONSE 200 {"content-type":"application/json; charset=UTF-8","vary":"X-Origin, Referer, Origin,Accept-Encoding","date":"Thu, 08 Oct 2020 19:41:39 GMT","server":"ESF","cache-control":"private","x-xss-protection":"0","x-frame-options":"SAMEORIGIN","x-content-type-options":"nosniff","alt-svc":"h3-Q050=\":443\"; ma=2592000,h3-29=\":443\"; ma=2592000,h3-27=\":443\"; ma=2592000,h3-T051=\":443\"; ma=2592000,h3-T050=\":443\"; ma=2592000,h3-Q046=\":443\"; ma=2592000,h3-Q043=\":443\"; ma=2592000,quic=\":443\"; ma=2592000; v=\"46,43\"","accept-ranges":"none","transfer-encoding":"chunked"}
[debug] [2020-10-08T19:41:39.510Z] >>> HTTP REQUEST GET https://firebase.googleapis.com/v1beta1/projects/professor8-7f7e6/adminSdkConfig  
 
[debug] [2020-10-08T19:41:40.179Z] <<< HTTP RESPONSE 200 {"content-type":"application/json; charset=UTF-8","vary":"X-Origin, Referer, Origin,Accept-Encoding","date":"Thu, 08 Oct 2020 19:41:40 GMT","server":"ESF","cache-control":"private","x-xss-protection":"0","x-frame-options":"SAMEORIGIN","x-content-type-options":"nosniff","alt-svc":"h3-Q050=\":443\"; ma=2592000,h3-29=\":443\"; ma=2592000,h3-27=\":443\"; ma=2592000,h3-T051=\":443\"; ma=2592000,h3-T050=\":443\"; ma=2592000,h3-Q046=\":443\"; ma=2592000,h3-Q043=\":443\"; ma=2592000,quic=\":443\"; ma=2592000; v=\"46,43\"","accept-ranges":"none","transfer-encoding":"chunked"}
[debug] [2020-10-08T19:41:40.180Z] >>> HTTP REQUEST POST https://firebasehosting.googleapis.com/v1beta1/sites/professor8-7f7e6/versions  
 {"config":{"rewrites":[{"glob":"**","path":"/index.html"}]},"labels":{"deployment-tool":"cli-firebase"}}
[debug] [2020-10-08T19:41:41.918Z] <<< HTTP RESPONSE 200 {"content-type":"application/json; charset=UTF-8","vary":"X-Origin, Referer, Origin,Accept-Encoding","date":"Thu, 08 Oct 2020 19:41:41 GMT","server":"ESF","cache-control":"private","x-xss-protection":"0","x-frame-options":"SAMEORIGIN","x-content-type-options":"nosniff","alt-svc":"h3-Q050=\":443\"; ma=2592000,h3-29=\":443\"; ma=2592000,h3-27=\":443\"; ma=2592000,h3-T051=\":443\"; ma=2592000,h3-T050=\":443\"; ma=2592000,h3-Q046=\":443\"; ma=2592000,h3-Q043=\":443\"; ma=2592000,quic=\":443\"; ma=2592000; v=\"46,43\"","accept-ranges":"none","transfer-encoding":"chunked"}
[debug] [2020-10-08T19:41:41.923Z] >>> HTTP REQUEST GET https://firebaserules.googleapis.com/v1/projects/professor8-7f7e6/releases?pageSize=10&pageToken=  
 
[debug] [2020-10-08T19:41:41.924Z] >>> HTTP REQUEST GET https://firestore.googleapis.com/v1/projects/professor8-7f7e6/databases/(default)/collectionGroups/-/indexes  
 
[debug] [2020-10-08T19:41:42.398Z] <<< HTTP RESPONSE 200 {"content-type":"application/json; charset=UTF-8","vary":"X-Origin, Referer, Origin,Accept-Encoding","date":"Thu, 08 Oct 2020 19:41:42 GMT","server":"ESF","cache-control":"private","x-xss-protection":"0","x-frame-options":"SAMEORIGIN","x-content-type-options":"nosniff","alt-svc":"h3-Q050=\":443\"; ma=2592000,h3-29=\":443\"; ma=2592000,h3-27=\":443\"; ma=2592000,h3-T051=\":443\"; ma=2592000,h3-T050=\":443\"; ma=2592000,h3-Q046=\":443\"; ma=2592000,h3-Q043=\":443\"; ma=2592000,quic=\":443\"; ma=2592000; v=\"46,43\"","accept-ranges":"none","transfer-encoding":"chunked"}
[debug] [2020-10-08T19:41:42.399Z] >>> HTTP REQUEST GET https://firestore.googleapis.com/v1/projects/professor8-7f7e6/databases/(default)/collectionGroups/-/fields?filter=indexConfig.usesAncestorConfig=false  
 
[debug] [2020-10-08T19:41:42.810Z] <<< HTTP RESPONSE 200 {"content-type":"application/json; charset=UTF-8","vary":"X-Origin, Referer, Origin,Accept-Encoding","date":"Thu, 08 Oct 2020 19:41:42 GMT","server":"ESF","cache-control":"private","x-xss-protection":"0","x-frame-options":"SAMEORIGIN","x-content-type-options":"nosniff","alt-svc":"h3-Q050=\":443\"; ma=2592000,h3-29=\":443\"; ma=2592000,h3-27=\":443\"; ma=2592000,h3-T051=\":443\"; ma=2592000,h3-T050=\":443\"; ma=2592000,h3-Q046=\":443\"; ma=2592000,h3-Q043=\":443\"; ma=2592000,quic=\":443\"; ma=2592000; v=\"46,43\"","accept-ranges":"none","transfer-encoding":"chunked"}
[info] ✔  firestore: deployed indexes in firestore.indexes.json successfully 
[debug] [2020-10-08T19:41:43.990Z] <<< HTTP RESPONSE 200 {"content-type":"application/json; charset=UTF-8","vary":"X-Origin, Referer, Origin,Accept-Encoding","date":"Thu, 08 Oct 2020 19:41:43 GMT","server":"ESF","cache-control":"private","x-xss-protection":"0","x-frame-options":"SAMEORIGIN","x-content-type-options":"nosniff","alt-svc":"h3-Q050=\":443\"; ma=2592000,h3-29=\":443\"; ma=2592000,h3-27=\":443\"; ma=2592000,h3-T051=\":443\"; ma=2592000,h3-T050=\":443\"; ma=2592000,h3-Q046=\":443\"; ma=2592000,h3-Q043=\":443\"; ma=2592000,quic=\":443\"; ma=2592000; v=\"46,43\"","accept-ranges":"none","transfer-encoding":"chunked"}
[debug] [2020-10-08T19:41:43.993Z] >>> HTTP REQUEST GET https://firebaserules.googleapis.com/v1/projects/professor8-7f7e6/rulesets/951b9383-21f0-4480-b3ba-ef85bb8819d3  
 
[debug] [2020-10-08T19:41:44.987Z] <<< HTTP RESPONSE 200 {"content-type":"application/json; charset=UTF-8","vary":"X-Origin, Referer, Origin,Accept-Encoding","date":"Thu, 08 Oct 2020 19:41:44 GMT","server":"ESF","cache-control":"private","x-xss-protection":"0","x-frame-options":"SAMEORIGIN","x-content-type-options":"nosniff","alt-svc":"h3-Q050=\":443\"; ma=2592000,h3-29=\":443\"; ma=2592000,h3-27=\":443\"; ma=2592000,h3-T051=\":443\"; ma=2592000,h3-T050=\":443\"; ma=2592000,h3-Q046=\":443\"; ma=2592000,h3-Q043=\":443\"; ma=2592000,quic=\":443\"; ma=2592000; v=\"46,43\"","accept-ranges":"none","transfer-encoding":"chunked"}
[info] i  firestore: latest version of firestore.rules already up to date, skipping upload... 
[info] i  functions: preparing functions directory for uploading... 
[debug] [2020-10-08T19:41:44.991Z] >>> HTTP REQUEST GET https://runtimeconfig.googleapis.com/v1beta1/projects/professor8-7f7e6/configs  
 
[debug] [2020-10-08T19:41:45.709Z] <<< HTTP RESPONSE 200 {"content-type":"application/json; charset=UTF-8","vary":"X-Origin, Referer, Origin,Accept-Encoding","date":"Thu, 08 Oct 2020 19:41:45 GMT","server":"ESF","cache-control":"private","x-xss-protection":"0","x-frame-options":"SAMEORIGIN","x-content-type-options":"nosniff","alt-svc":"h3-Q050=\":443\"; ma=2592000,h3-29=\":443\"; ma=2592000,h3-27=\":443\"; ma=2592000,h3-T051=\":443\"; ma=2592000,h3-T050=\":443\"; ma=2592000,h3-Q046=\":443\"; ma=2592000,h3-Q043=\":443\"; ma=2592000,quic=\":443\"; ma=2592000; v=\"46,43\"","accept-ranges":"none","transfer-encoding":"chunked"}
[info] i  functions: packaged functions (28.36 KB) for uploading 
[debug] [2020-10-08T19:41:45.839Z] >>> HTTP REQUEST GET https://cloudfunctions.googleapis.com/v1/projects/professor8-7f7e6/locations/-/functions  
 
[debug] [2020-10-08T19:41:46.829Z] <<< HTTP RESPONSE 200 {"content-type":"application/json; charset=UTF-8","vary":"X-Origin, Referer, Origin,Accept-Encoding","date":"Thu, 08 Oct 2020 19:41:46 GMT","server":"ESF","cache-control":"private","x-xss-protection":"0","x-frame-options":"SAMEORIGIN","x-content-type-options":"nosniff","alt-svc":"h3-Q050=\":443\"; ma=2592000,h3-29=\":443\"; ma=2592000,h3-27=\":443\"; ma=2592000,h3-T051=\":443\"; ma=2592000,h3-T050=\":443\"; ma=2592000,h3-Q046=\":443\"; ma=2592000,h3-Q043=\":443\"; ma=2592000,quic=\":443\"; ma=2592000; v=\"46,43\"","accept-ranges":"none","transfer-encoding":"chunked"}
[debug] [2020-10-08T19:41:46.833Z] >>> HTTP REQUEST POST https://cloudfunctions.googleapis.com/v1/projects/professor8-7f7e6/locations/us-central1/functions:generateUploadUrl  
 
[debug] [2020-10-08T19:41:47.905Z] <<< HTTP RESPONSE 200 {"content-type":"application/json; charset=UTF-8","vary":"X-Origin, Referer, Origin,Accept-Encoding","date":"Thu, 08 Oct 2020 19:41:47 GMT","server":"ESF","cache-control":"private","x-xss-protection":"0","x-frame-options":"SAMEORIGIN","x-content-type-options":"nosniff","alt-svc":"h3-Q050=\":443\"; ma=2592000,h3-29=\":443\"; ma=2592000,h3-27=\":443\"; ma=2592000,h3-T051=\":443\"; ma=2592000,h3-T050=\":443\"; ma=2592000,h3-Q046=\":443\"; ma=2592000,h3-Q043=\":443\"; ma=2592000,quic=\":443\"; ma=2592000; v=\"46,43\"","accept-ranges":"none","transfer-encoding":"chunked"}
[debug] [2020-10-08T19:41:47.906Z] >>> HTTP REQUEST PUT https://storage.googleapis.com/gcf-upload-us-central1-05d27a4c-9765-468f-a701-e629aca083a6/79f92c4a-c410-449c-aa4a-9efa5635785d.zip?GoogleAccessId=service-1054788400115@gcf-admin-robot.iam.gserviceaccount.com&Expires=1602187907&Signature=Wq4U34VwA8IKBz7aZ%2FGjFsuXnX153VCki205fVuJIqEAul5MrVlGowrPPjFLVGl%2FbfoHEYSwGD1zQf7wFy%2BoO1kcRwqDcrPvTOmhlF9PqFOrjS34HfDahXYaa8%2B4sxEts6ZyKsuNL3w35yvZadzEE6lmEGVDdE0bMHQPOp6ik6%2FP%2FoDtCFRa2oCk%2FgRMd65%2FaUwN9vS2mwDo7S9cX3fomqJF0SSMSq7d%2FIJ8aLC5j8ITkZ5T5WB9rpEQThVhepStI811kZsyZYrcjNbohUFJhSON1MFOtKa4TKZRttlivUSuDcSqpDH%2FPhVueiJvQurktKnOjGuln3LbrUrhIHIX0A%3D%3D  
 <request body omitted>
[debug] [2020-10-08T19:41:48.748Z] <<< HTTP RESPONSE 200 {"x-guploader-uploadid":"ABg5-Ux7CQzaNxw7byF5RqdVfNbukeFMdvswFinPnsYLnsLa_SzI1K7mAQcYM0ySzCZUaJ6uoQTpBYUrjibAm60uEAmQ3pr_KA","etag":"\"30e8e0e4a62abd7db5c0827476220e25\"","x-goog-generation":"1602186108639268","x-goog-metageneration":"1","x-goog-hash":"crc32c=55ZaWA==, md5=MOjg5KYqvX21wIJ0diIOJQ==","x-goog-stored-content-length":"29038","x-goog-stored-content-encoding":"identity","vary":"Origin","content-length":"0","date":"Thu, 08 Oct 2020 19:41:48 GMT","server":"UploadServer","content-type":"text/html; charset=UTF-8","alt-svc":"h3-Q050=\":443\"; ma=2592000,h3-29=\":443\"; ma=2592000,h3-27=\":443\"; ma=2592000,h3-T051=\":443\"; ma=2592000,h3-T050=\":443\"; ma=2592000,h3-Q046=\":443\"; ma=2592000,h3-Q043=\":443\"; ma=2592000,quic=\":443\"; ma=2592000; v=\"46,43\""}
[info] ✔  functions: functions folder uploaded successfully 
[info] i  hosting[professor8-7f7e6]: beginning deploy... 
[info] i  hosting[professor8-7f7e6]: found 20 files in build 
[debug] [2020-10-08T19:41:49.494Z] [hosting] hash cache [YnVpbGQ] stored for 20 files
[debug] [2020-10-08T19:41:49.494Z] [hosting][hash queue][FINAL] {"max":731,"min":8,"avg":49.05,"active":0,"complete":20,"success":20,"errored":0,"retried":0,"total":20,"elapsed":737}
[debug] [2020-10-08T19:41:49.495Z] >>> HTTP REQUEST POST https://firebasehosting.googleapis.com/v1beta1/sites/professor8-7f7e6/versions/f05e89b0253af6ab:populateFiles  
 <request body omitted>
[debug] [2020-10-08T19:41:51.854Z] <<< HTTP RESPONSE 200 {"content-type":"application/json; charset=UTF-8","vary":"X-Origin, Referer, Origin,Accept-Encoding","date":"Thu, 08 Oct 2020 19:41:51 GMT","server":"ESF","cache-control":"private","x-xss-protection":"0","x-frame-options":"SAMEORIGIN","x-content-type-options":"nosniff","alt-svc":"h3-Q050=\":443\"; ma=2592000,h3-29=\":443\"; ma=2592000,h3-27=\":443\"; ma=2592000,h3-T051=\":443\"; ma=2592000,h3-T050=\":443\"; ma=2592000,h3-Q046=\":443\"; ma=2592000,h3-Q043=\":443\"; ma=2592000,quic=\":443\"; ma=2592000; v=\"46,43\"","accept-ranges":"none","transfer-encoding":"chunked"}
[debug] [2020-10-08T19:41:51.865Z] [hosting][populate queue][FINAL] {"max":2363,"min":2363,"avg":2363,"active":0,"complete":1,"success":1,"errored":0,"retried":0,"total":1,"elapsed":2373}
[debug] [2020-10-08T19:41:51.865Z] [hosting] uploads queued: 6
[debug] [2020-10-08T19:41:54.722Z] [hosting][upload queue][FINAL] {"max":2867,"min":1936,"avg":2265.8333333333335,"active":0,"complete":6,"success":6,"errored":0,"retried":0,"total":6,"elapsed":2867}
[info] ✔  hosting[professor8-7f7e6]: file upload complete 
[debug] [2020-10-08T19:41:54.723Z] [hosting] deploy completed after 5974ms
[debug] [2020-10-08T19:41:55.013Z] [rules] releasing cloud.firestore with ruleset projects/professor8-7f7e6/rulesets/951b9383-21f0-4480-b3ba-ef85bb8819d3
[debug] [2020-10-08T19:41:55.014Z] >>> HTTP REQUEST PATCH https://firebaserules.googleapis.com/v1/projects/professor8-7f7e6/releases/cloud.firestore  
 {"release":{"name":"projects/professor8-7f7e6/releases/cloud.firestore","rulesetName":"projects/professor8-7f7e6/rulesets/951b9383-21f0-4480-b3ba-ef85bb8819d3"}}
[debug] [2020-10-08T19:41:56.150Z] <<< HTTP RESPONSE 200 {"content-type":"application/json; charset=UTF-8","vary":"X-Origin, Referer, Origin,Accept-Encoding","date":"Thu, 08 Oct 2020 19:41:55 GMT","server":"ESF","cache-control":"private","x-xss-protection":"0","x-frame-options":"SAMEORIGIN","x-content-type-options":"nosniff","alt-svc":"h3-Q050=\":443\"; ma=2592000,h3-29=\":443\"; ma=2592000,h3-27=\":443\"; ma=2592000,h3-T051=\":443\"; ma=2592000,h3-T050=\":443\"; ma=2592000,h3-Q046=\":443\"; ma=2592000,h3-Q043=\":443\"; ma=2592000,quic=\":443\"; ma=2592000; v=\"46,43\"","accept-ranges":"none","transfer-encoding":"chunked"}
[debug] [2020-10-08T19:41:56.151Z] [rules] updated release projects/professor8-7f7e6/releases/cloud.firestore
[info] ✔  firestore: released rules firestore.rules to cloud.firestore 
[info] i  functions: updating Node.js 8 function onAdminWriteReview(us-central1)... 
[debug] [2020-10-08T19:41:56.160Z] Trigger is:  {"eventTrigger":{"resource":"projects/professor8-7f7e6/databases/(default)/documents/pendingReviews/{rid}","eventType":"providers/cloud.firestore/eventTypes/document.write","service":"firestore.googleapis.com"}}
[info] i  functions: updating Node.js 8 function onWriteProfessorsReview(us-central1)... 
[debug] [2020-10-08T19:41:56.160Z] Trigger is:  {"eventTrigger":{"resource":"projects/professor8-7f7e6/databases/(default)/documents/professors/{pid}/reviews/{rid}","eventType":"providers/cloud.firestore/eventTypes/document.write","service":"firestore.googleapis.com"}}
[info] i  functions: updating Node.js 8 function onWriteProfessor(us-central1)... 
[debug] [2020-10-08T19:41:56.161Z] Trigger is:  {"eventTrigger":{"resource":"projects/professor8-7f7e6/databases/(default)/documents/professors/{pid}","eventType":"providers/cloud.firestore/eventTypes/document.write","service":"firestore.googleapis.com"}}
[debug] [2020-10-08T19:41:56.163Z] >>> HTTP REQUEST GET https://serviceusage.googleapis.com/v1/projects/professor8-7f7e6/services/cloudscheduler.googleapis.com  
 
[debug] [2020-10-08T19:41:57.178Z] <<< HTTP RESPONSE 200 {"content-type":"application/json; charset=UTF-8","vary":"X-Origin, Referer, Origin,Accept-Encoding","date":"Thu, 08 Oct 2020 19:41:57 GMT","server":"ESF","cache-control":"private","x-xss-protection":"0","x-frame-options":"SAMEORIGIN","x-content-type-options":"nosniff","alt-svc":"h3-Q050=\":443\"; ma=2592000,h3-29=\":443\"; ma=2592000,h3-27=\":443\"; ma=2592000,h3-T051=\":443\"; ma=2592000,h3-T050=\":443\"; ma=2592000,h3-Q046=\":443\"; ma=2592000,h3-Q043=\":443\"; ma=2592000,quic=\":443\"; ma=2592000; v=\"46,43\"","accept-ranges":"none","transfer-encoding":"chunked"}
[debug] [2020-10-08T19:41:57.181Z] >>> HTTP REQUEST PATCH https://cloudfunctions.googleapis.com/v1/projects/professor8-7f7e6/locations/us-central1/functions/onAdminWriteReview {"updateMask":"sourceUploadUrl,name,labels,runtime,environmentVariables,eventTrigger.resource,eventTrigger.eventType,eventTrigger.service"} 
 {"sourceUploadUrl":"https://storage.googleapis.com/gcf-upload-us-central1-05d27a4c-9765-468f-a701-e629aca083a6/79f92c4a-c410-449c-aa4a-9efa5635785d.zip?GoogleAccessId=service-1054788400115@gcf-admin-robot.iam.gserviceaccount.com&Expires=1602187907&Signature=Wq4U34VwA8IKBz7aZ%2FGjFsuXnX153VCki205fVuJIqEAul5MrVlGowrPPjFLVGl%2FbfoHEYSwGD1zQf7wFy%2BoO1kcRwqDcrPvTOmhlF9PqFOrjS34HfDahXYaa8%2B4sxEts6ZyKsuNL3w35yvZadzEE6lmEGVDdE0bMHQPOp6ik6%2FP%2FoDtCFRa2oCk%2FgRMd65%2FaUwN9vS2mwDo7S9cX3fomqJF0SSMSq7d%2FIJ8aLC5j8ITkZ5T5WB9rpEQThVhepStI811kZsyZYrcjNbohUFJhSON1MFOtKa4TKZRttlivUSuDcSqpDH%2FPhVueiJvQurktKnOjGuln3LbrUrhIHIX0A%3D%3D","name":"projects/professor8-7f7e6/locations/us-central1/functions/onAdminWriteReview","labels":{"deployment-tool":"cli-firebase"},"eventTrigger":{"resource":"projects/professor8-7f7e6/databases/(default)/documents/pendingReviews/{rid}","eventType":"providers/cloud.firestore/eventTypes/document.write","service":"firestore.googleapis.com"},"runtime":"nodejs8","environmentVariables":{"FIREBASE_CONFIG":"{\"projectId\":\"professor8-7f7e6\",\"databaseURL\":\"https://professor8-7f7e6.firebaseio.com\",\"storageBucket\":\"professor8-7f7e6.appspot.com\",\"locationId\":\"europe-west\"}"}}
[debug] [2020-10-08T19:41:57.183Z] >>> HTTP REQUEST PATCH https://cloudfunctions.googleapis.com/v1/projects/professor8-7f7e6/locations/us-central1/functions/onWriteProfessorsReview {"updateMask":"sourceUploadUrl,name,labels,runtime,environmentVariables,eventTrigger.resource,eventTrigger.eventType,eventTrigger.service"} 
 {"sourceUploadUrl":"https://storage.googleapis.com/gcf-upload-us-central1-05d27a4c-9765-468f-a701-e629aca083a6/79f92c4a-c410-449c-aa4a-9efa5635785d.zip?GoogleAccessId=service-1054788400115@gcf-admin-robot.iam.gserviceaccount.com&Expires=1602187907&Signature=Wq4U34VwA8IKBz7aZ%2FGjFsuXnX153VCki205fVuJIqEAul5MrVlGowrPPjFLVGl%2FbfoHEYSwGD1zQf7wFy%2BoO1kcRwqDcrPvTOmhlF9PqFOrjS34HfDahXYaa8%2B4sxEts6ZyKsuNL3w35yvZadzEE6lmEGVDdE0bMHQPOp6ik6%2FP%2FoDtCFRa2oCk%2FgRMd65%2FaUwN9vS2mwDo7S9cX3fomqJF0SSMSq7d%2FIJ8aLC5j8ITkZ5T5WB9rpEQThVhepStI811kZsyZYrcjNbohUFJhSON1MFOtKa4TKZRttlivUSuDcSqpDH%2FPhVueiJvQurktKnOjGuln3LbrUrhIHIX0A%3D%3D","name":"projects/professor8-7f7e6/locations/us-central1/functions/onWriteProfessorsReview","labels":{"deployment-tool":"cli-firebase"},"eventTrigger":{"resource":"projects/professor8-7f7e6/databases/(default)/documents/professors/{pid}/reviews/{rid}","eventType":"providers/cloud.firestore/eventTypes/document.write","service":"firestore.googleapis.com"},"runtime":"nodejs8","environmentVariables":{"FIREBASE_CONFIG":"{\"projectId\":\"professor8-7f7e6\",\"databaseURL\":\"https://professor8-7f7e6.firebaseio.com\",\"storageBucket\":\"professor8-7f7e6.appspot.com\",\"locationId\":\"europe-west\"}"}}
[debug] [2020-10-08T19:41:57.185Z] >>> HTTP REQUEST PATCH https://cloudfunctions.googleapis.com/v1/projects/professor8-7f7e6/locations/us-central1/functions/onWriteProfessor {"updateMask":"sourceUploadUrl,name,labels,runtime,environmentVariables,eventTrigger.resource,eventTrigger.eventType,eventTrigger.service"} 
 {"sourceUploadUrl":"https://storage.googleapis.com/gcf-upload-us-central1-05d27a4c-9765-468f-a701-e629aca083a6/79f92c4a-c410-449c-aa4a-9efa5635785d.zip?GoogleAccessId=service-1054788400115@gcf-admin-robot.iam.gserviceaccount.com&Expires=1602187907&Signature=Wq4U34VwA8IKBz7aZ%2FGjFsuXnX153VCki205fVuJIqEAul5MrVlGowrPPjFLVGl%2FbfoHEYSwGD1zQf7wFy%2BoO1kcRwqDcrPvTOmhlF9PqFOrjS34HfDahXYaa8%2B4sxEts6ZyKsuNL3w35yvZadzEE6lmEGVDdE0bMHQPOp6ik6%2FP%2FoDtCFRa2oCk%2FgRMd65%2FaUwN9vS2mwDo7S9cX3fomqJF0SSMSq7d%2FIJ8aLC5j8ITkZ5T5WB9rpEQThVhepStI811kZsyZYrcjNbohUFJhSON1MFOtKa4TKZRttlivUSuDcSqpDH%2FPhVueiJvQurktKnOjGuln3LbrUrhIHIX0A%3D%3D","name":"projects/professor8-7f7e6/locations/us-central1/functions/onWriteProfessor","labels":{"deployment-tool":"cli-firebase"},"eventTrigger":{"resource":"projects/professor8-7f7e6/databases/(default)/documents/professors/{pid}","eventType":"providers/cloud.firestore/eventTypes/document.write","service":"firestore.googleapis.com"},"runtime":"nodejs8","environmentVariables":{"FIREBASE_CONFIG":"{\"projectId\":\"professor8-7f7e6\",\"databaseURL\":\"https://professor8-7f7e6.firebaseio.com\",\"storageBucket\":\"professor8-7f7e6.appspot.com\",\"locationId\":\"europe-west\"}"}}
[debug] [2020-10-08T19:41:57.896Z] <<< HTTP RESPONSE 200 {"content-type":"application/json; charset=UTF-8","vary":"X-Origin, Referer, Origin,Accept-Encoding","date":"Thu, 08 Oct 2020 19:41:57 GMT","server":"ESF","cache-control":"private","x-xss-protection":"0","x-frame-options":"SAMEORIGIN","x-content-type-options":"nosniff","alt-svc":"h3-Q050=\":443\"; ma=2592000,h3-29=\":443\"; ma=2592000,h3-27=\":443\"; ma=2592000,h3-T051=\":443\"; ma=2592000,h3-T050=\":443\"; ma=2592000,h3-Q046=\":443\"; ma=2592000,h3-Q043=\":443\"; ma=2592000,quic=\":443\"; ma=2592000; v=\"46,43\"","accept-ranges":"none","transfer-encoding":"chunked"}
[debug] [2020-10-08T19:41:57.899Z] <<< HTTP RESPONSE 200 {"content-type":"application/json; charset=UTF-8","vary":"X-Origin, Referer, Origin,Accept-Encoding","date":"Thu, 08 Oct 2020 19:41:57 GMT","server":"ESF","cache-control":"private","x-xss-protection":"0","x-frame-options":"SAMEORIGIN","x-content-type-options":"nosniff","alt-svc":"h3-Q050=\":443\"; ma=2592000,h3-29=\":443\"; ma=2592000,h3-27=\":443\"; ma=2592000,h3-T051=\":443\"; ma=2592000,h3-T050=\":443\"; ma=2592000,h3-Q046=\":443\"; ma=2592000,h3-Q043=\":443\"; ma=2592000,quic=\":443\"; ma=2592000; v=\"46,43\"","accept-ranges":"none","transfer-encoding":"chunked"}
[debug] [2020-10-08T19:41:57.901Z] <<< HTTP RESPONSE 200 {"content-type":"application/json; charset=UTF-8","vary":"X-Origin, Referer, Origin,Accept-Encoding","date":"Thu, 08 Oct 2020 19:41:57 GMT","server":"ESF","cache-control":"private","x-xss-protection":"0","x-frame-options":"SAMEORIGIN","x-content-type-options":"nosniff","alt-svc":"h3-Q050=\":443\"; ma=2592000,h3-29=\":443\"; ma=2592000,h3-27=\":443\"; ma=2592000,h3-T051=\":443\"; ma=2592000,h3-T050=\":443\"; ma=2592000,h3-Q046=\":443\"; ma=2592000,h3-Q043=\":443\"; ma=2592000,quic=\":443\"; ma=2592000; v=\"46,43\"","accept-ranges":"none","transfer-encoding":"chunked"}
[debug] [2020-10-08T19:41:57.903Z] >>> HTTP REQUEST GET https://cloudfunctions.googleapis.com/v1/operations/cHJvZmVzc29yOC03ZjdlNi91cy1jZW50cmFsMS9vbkFkbWluV3JpdGVSZXZpZXcvMHY1WGkxd1FGNG8  
 
[debug] [2020-10-08T19:41:57.903Z] >>> HTTP REQUEST GET https://cloudfunctions.googleapis.com/v1/operations/cHJvZmVzc29yOC03ZjdlNi91cy1jZW50cmFsMS9vbldyaXRlUHJvZmVzc29yc1Jldmlldy9PRVNpeWlLX2Qwbw  
 
[debug] [2020-10-08T19:41:57.904Z] >>> HTTP REQUEST GET https://cloudfunctions.googleapis.com/v1/operations/cHJvZmVzc29yOC03ZjdlNi91cy1jZW50cmFsMS9vbldyaXRlUHJvZmVzc29yL0QzT05IUHM3YlRJ  
 
[debug] [2020-10-08T19:41:58.363Z] <<< HTTP RESPONSE 200 {"content-type":"application/json; charset=UTF-8","vary":"X-Origin, Referer, Origin,Accept-Encoding","date":"Thu, 08 Oct 2020 19:41:58 GMT","server":"ESF","cache-control":"private","x-xss-protection":"0","x-frame-options":"SAMEORIGIN","x-content-type-options":"nosniff","alt-svc":"h3-Q050=\":443\"; ma=2592000,h3-29=\":443\"; ma=2592000,h3-27=\":443\"; ma=2592000,h3-T051=\":443\"; ma=2592000,h3-T050=\":443\"; ma=2592000,h3-Q046=\":443\"; ma=2592000,h3-Q043=\":443\"; ma=2592000,quic=\":443\"; ma=2592000; v=\"46,43\"","accept-ranges":"none","transfer-encoding":"chunked"}
[debug] [2020-10-08T19:41:58.400Z] <<< HTTP RESPONSE 200 {"content-type":"application/json; charset=UTF-8","vary":"X-Origin, Referer, Origin,Accept-Encoding","date":"Thu, 08 Oct 2020 19:41:58 GMT","server":"ESF","cache-control":"private","x-xss-protection":"0","x-frame-options":"SAMEORIGIN","x-content-type-options":"nosniff","alt-svc":"h3-Q050=\":443\"; ma=2592000,h3-29=\":443\"; ma=2592000,h3-27=\":443\"; ma=2592000,h3-T051=\":443\"; ma=2592000,h3-T050=\":443\"; ma=2592000,h3-Q046=\":443\"; ma=2592000,h3-Q043=\":443\"; ma=2592000,quic=\":443\"; ma=2592000; v=\"46,43\"","accept-ranges":"none","transfer-encoding":"chunked"}
[debug] [2020-10-08T19:41:58.425Z] <<< HTTP RESPONSE 200 {"content-type":"application/json; charset=UTF-8","vary":"X-Origin, Referer, Origin,Accept-Encoding","date":"Thu, 08 Oct 2020 19:41:58 GMT","server":"ESF","cache-control":"private","x-xss-protection":"0","x-frame-options":"SAMEORIGIN","x-content-type-options":"nosniff","alt-svc":"h3-Q050=\":443\"; ma=2592000,h3-29=\":443\"; ma=2592000,h3-27=\":443\"; ma=2592000,h3-T051=\":443\"; ma=2592000,h3-T050=\":443\"; ma=2592000,h3-Q046=\":443\"; ma=2592000,h3-Q043=\":443\"; ma=2592000,quic=\":443\"; ma=2592000; v=\"46,43\"","accept-ranges":"none","transfer-encoding":"chunked"}
[debug] [2020-10-08T19:42:00.365Z] >>> HTTP REQUEST GET https://cloudfunctions.googleapis.com/v1/operations/cHJvZmVzc29yOC03ZjdlNi91cy1jZW50cmFsMS9vbldyaXRlUHJvZmVzc29yc1Jldmlldy9PRVNpeWlLX2Qwbw  
 
[debug] [2020-10-08T19:42:00.405Z] >>> HTTP REQUEST GET https://cloudfunctions.googleapis.com/v1/operations/cHJvZmVzc29yOC03ZjdlNi91cy1jZW50cmFsMS9vbkFkbWluV3JpdGVSZXZpZXcvMHY1WGkxd1FGNG8  
 
[debug] [2020-10-08T19:42:00.429Z] >>> HTTP REQUEST GET https://cloudfunctions.googleapis.com/v1/operations/cHJvZmVzc29yOC03ZjdlNi91cy1jZW50cmFsMS9vbldyaXRlUHJvZmVzc29yL0QzT05IUHM3YlRJ  
 
[debug] [2020-10-08T19:42:00.867Z] <<< HTTP RESPONSE 200 {"content-type":"application/json; charset=UTF-8","vary":"X-Origin, Referer, Origin,Accept-Encoding","date":"Thu, 08 Oct 2020 19:42:00 GMT","server":"ESF","cache-control":"private","x-xss-protection":"0","x-frame-options":"SAMEORIGIN","x-content-type-options":"nosniff","alt-svc":"h3-Q050=\":443\"; ma=2592000,h3-29=\":443\"; ma=2592000,h3-27=\":443\"; ma=2592000,h3-T051=\":443\"; ma=2592000,h3-T050=\":443\"; ma=2592000,h3-Q046=\":443\"; ma=2592000,h3-Q043=\":443\"; ma=2592000,quic=\":443\"; ma=2592000; v=\"46,43\"","accept-ranges":"none","transfer-encoding":"chunked"}
[debug] [2020-10-08T19:42:00.871Z] <<< HTTP RESPONSE 200 {"content-type":"application/json; charset=UTF-8","vary":"X-Origin, Referer, Origin,Accept-Encoding","date":"Thu, 08 Oct 2020 19:42:00 GMT","server":"ESF","cache-control":"private","x-xss-protection":"0","x-frame-options":"SAMEORIGIN","x-content-type-options":"nosniff","alt-svc":"h3-Q050=\":443\"; ma=2592000,h3-29=\":443\"; ma=2592000,h3-27=\":443\"; ma=2592000,h3-T051=\":443\"; ma=2592000,h3-T050=\":443\"; ma=2592000,h3-Q046=\":443\"; ma=2592000,h3-Q043=\":443\"; ma=2592000,quic=\":443\"; ma=2592000; v=\"46,43\"","accept-ranges":"none","transfer-encoding":"chunked"}
[debug] [2020-10-08T19:42:00.925Z] <<< HTTP RESPONSE 200 {"content-type":"application/json; charset=UTF-8","vary":"X-Origin, Referer, Origin,Accept-Encoding","date":"Thu, 08 Oct 2020 19:42:00 GMT","server":"ESF","cache-control":"private","x-xss-protection":"0","x-frame-options":"SAMEORIGIN","x-content-type-options":"nosniff","alt-svc":"h3-Q050=\":443\"; ma=2592000,h3-29=\":443\"; ma=2592000,h3-27=\":443\"; ma=2592000,h3-T051=\":443\"; ma=2592000,h3-T050=\":443\"; ma=2592000,h3-Q046=\":443\"; ma=2592000,h3-Q043=\":443\"; ma=2592000,quic=\":443\"; ma=2592000; v=\"46,43\"","accept-ranges":"none","transfer-encoding":"chunked"}
[debug] [2020-10-08T19:42:02.871Z] >>> HTTP REQUEST GET https://cloudfunctions.googleapis.com/v1/operations/cHJvZmVzc29yOC03ZjdlNi91cy1jZW50cmFsMS9vbkFkbWluV3JpdGVSZXZpZXcvMHY1WGkxd1FGNG8  
 
[debug] [2020-10-08T19:42:02.874Z] >>> HTTP REQUEST GET https://cloudfunctions.googleapis.com/v1/operations/cHJvZmVzc29yOC03ZjdlNi91cy1jZW50cmFsMS9vbldyaXRlUHJvZmVzc29yc1Jldmlldy9PRVNpeWlLX2Qwbw  
 
[debug] [2020-10-08T19:42:02.926Z] >>> HTTP REQUEST GET https://cloudfunctions.googleapis.com/v1/operations/cHJvZmVzc29yOC03ZjdlNi91cy1jZW50cmFsMS9vbldyaXRlUHJvZmVzc29yL0QzT05IUHM3YlRJ  
 
[debug] [2020-10-08T19:42:03.309Z] <<< HTTP RESPONSE 200 {"content-type":"application/json; charset=UTF-8","vary":"X-Origin, Referer, Origin,Accept-Encoding","date":"Thu, 08 Oct 2020 19:42:03 GMT","server":"ESF","cache-control":"private","x-xss-protection":"0","x-frame-options":"SAMEORIGIN","x-content-type-options":"nosniff","alt-svc":"h3-Q050=\":443\"; ma=2592000,h3-29=\":443\"; ma=2592000,h3-27=\":443\"; ma=2592000,h3-T051=\":443\"; ma=2592000,h3-T050=\":443\"; ma=2592000,h3-Q046=\":443\"; ma=2592000,h3-Q043=\":443\"; ma=2592000,quic=\":443\"; ma=2592000; v=\"46,43\"","accept-ranges":"none","transfer-encoding":"chunked"}
[debug] [2020-10-08T19:42:03.382Z] <<< HTTP RESPONSE 200 {"content-type":"application/json; charset=UTF-8","vary":"X-Origin, Referer, Origin,Accept-Encoding","date":"Thu, 08 Oct 2020 19:42:03 GMT","server":"ESF","cache-control":"private","x-xss-protection":"0","x-frame-options":"SAMEORIGIN","x-content-type-options":"nosniff","alt-svc":"h3-Q050=\":443\"; ma=2592000,h3-29=\":443\"; ma=2592000,h3-27=\":443\"; ma=2592000,h3-T051=\":443\"; ma=2592000,h3-T050=\":443\"; ma=2592000,h3-Q046=\":443\"; ma=2592000,h3-Q043=\":443\"; ma=2592000,quic=\":443\"; ma=2592000; v=\"46,43\"","accept-ranges":"none","transfer-encoding":"chunked"}
[debug] [2020-10-08T19:42:03.383Z] <<< HTTP RESPONSE 200 {"content-type":"application/json; charset=UTF-8","vary":"X-Origin, Referer, Origin,Accept-Encoding","date":"Thu, 08 Oct 2020 19:42:03 GMT","server":"ESF","cache-control":"private","x-xss-protection":"0","x-frame-options":"SAMEORIGIN","x-content-type-options":"nosniff","alt-svc":"h3-Q050=\":443\"; ma=2592000,h3-29=\":443\"; ma=2592000,h3-27=\":443\"; ma=2592000,h3-T051=\":443\"; ma=2592000,h3-T050=\":443\"; ma=2592000,h3-Q046=\":443\"; ma=2592000,h3-Q043=\":443\"; ma=2592000,quic=\":443\"; ma=2592000; v=\"46,43\"","accept-ranges":"none","transfer-encoding":"chunked"}
[debug] [2020-10-08T19:42:05.314Z] >>> HTTP REQUEST GET https://cloudfunctions.googleapis.com/v1/operations/cHJvZmVzc29yOC03ZjdlNi91cy1jZW50cmFsMS9vbldyaXRlUHJvZmVzc29yc1Jldmlldy9PRVNpeWlLX2Qwbw  
 
[debug] [2020-10-08T19:42:05.387Z] >>> HTTP REQUEST GET https://cloudfunctions.googleapis.com/v1/operations/cHJvZmVzc29yOC03ZjdlNi91cy1jZW50cmFsMS9vbkFkbWluV3JpdGVSZXZpZXcvMHY1WGkxd1FGNG8  
 
[debug] [2020-10-08T19:42:05.388Z] >>> HTTP REQUEST GET https://cloudfunctions.googleapis.com/v1/operations/cHJvZmVzc29yOC03ZjdlNi91cy1jZW50cmFsMS9vbldyaXRlUHJvZmVzc29yL0QzT05IUHM3YlRJ  
 
[debug] [2020-10-08T19:42:05.800Z] <<< HTTP RESPONSE 200 {"content-type":"application/json; charset=UTF-8","vary":"X-Origin, Referer, Origin,Accept-Encoding","date":"Thu, 08 Oct 2020 19:42:05 GMT","server":"ESF","cache-control":"private","x-xss-protection":"0","x-frame-options":"SAMEORIGIN","x-content-type-options":"nosniff","alt-svc":"h3-Q050=\":443\"; ma=2592000,h3-29=\":443\"; ma=2592000,h3-27=\":443\"; ma=2592000,h3-T051=\":443\"; ma=2592000,h3-T050=\":443\"; ma=2592000,h3-Q046=\":443\"; ma=2592000,h3-Q043=\":443\"; ma=2592000,quic=\":443\"; ma=2592000; v=\"46,43\"","accept-ranges":"none","transfer-encoding":"chunked"}
[debug] [2020-10-08T19:42:05.905Z] <<< HTTP RESPONSE 200 {"content-type":"application/json; charset=UTF-8","vary":"X-Origin, Referer, Origin,Accept-Encoding","date":"Thu, 08 Oct 2020 19:42:05 GMT","server":"ESF","cache-control":"private","x-xss-protection":"0","x-frame-options":"SAMEORIGIN","x-content-type-options":"nosniff","alt-svc":"h3-Q050=\":443\"; ma=2592000,h3-29=\":443\"; ma=2592000,h3-27=\":443\"; ma=2592000,h3-T051=\":443\"; ma=2592000,h3-T050=\":443\"; ma=2592000,h3-Q046=\":443\"; ma=2592000,h3-Q043=\":443\"; ma=2592000,quic=\":443\"; ma=2592000; v=\"46,43\"","accept-ranges":"none","transfer-encoding":"chunked"}
[debug] [2020-10-08T19:42:05.909Z] <<< HTTP RESPONSE 200 {"content-type":"application/json; charset=UTF-8","vary":"X-Origin, Referer, Origin,Accept-Encoding","date":"Thu, 08 Oct 2020 19:42:05 GMT","server":"ESF","cache-control":"private","x-xss-protection":"0","x-frame-options":"SAMEORIGIN","x-content-type-options":"nosniff","alt-svc":"h3-Q050=\":443\"; ma=2592000,h3-29=\":443\"; ma=2592000,h3-27=\":443\"; ma=2592000,h3-T051=\":443\"; ma=2592000,h3-T050=\":443\"; ma=2592000,h3-Q046=\":443\"; ma=2592000,h3-Q043=\":443\"; ma=2592000,quic=\":443\"; ma=2592000; v=\"46,43\"","accept-ranges":"none","transfer-encoding":"chunked"}
[debug] [2020-10-08T19:42:07.804Z] >>> HTTP REQUEST GET https://cloudfunctions.googleapis.com/v1/operations/cHJvZmVzc29yOC03ZjdlNi91cy1jZW50cmFsMS9vbldyaXRlUHJvZmVzc29yc1Jldmlldy9PRVNpeWlLX2Qwbw  
 
[debug] [2020-10-08T19:42:07.911Z] >>> HTTP REQUEST GET https://cloudfunctions.googleapis.com/v1/operations/cHJvZmVzc29yOC03ZjdlNi91cy1jZW50cmFsMS9vbkFkbWluV3JpdGVSZXZpZXcvMHY1WGkxd1FGNG8  
 
[debug] [2020-10-08T19:42:07.912Z] >>> HTTP REQUEST GET https://cloudfunctions.googleapis.com/v1/operations/cHJvZmVzc29yOC03ZjdlNi91cy1jZW50cmFsMS9vbldyaXRlUHJvZmVzc29yL0QzT05IUHM3YlRJ  
 
[debug] [2020-10-08T19:42:08.256Z] <<< HTTP RESPONSE 200 {"content-type":"application/json; charset=UTF-8","vary":"X-Origin, Referer, Origin,Accept-Encoding","date":"Thu, 08 Oct 2020 19:42:08 GMT","server":"ESF","cache-control":"private","x-xss-protection":"0","x-frame-options":"SAMEORIGIN","x-content-type-options":"nosniff","alt-svc":"h3-Q050=\":443\"; ma=2592000,h3-29=\":443\"; ma=2592000,h3-27=\":443\"; ma=2592000,h3-T051=\":443\"; ma=2592000,h3-T050=\":443\"; ma=2592000,h3-Q046=\":443\"; ma=2592000,h3-Q043=\":443\"; ma=2592000,quic=\":443\"; ma=2592000; v=\"46,43\"","accept-ranges":"none","transfer-encoding":"chunked"}
[debug] [2020-10-08T19:42:08.348Z] <<< HTTP RESPONSE 200 {"content-type":"application/json; charset=UTF-8","vary":"X-Origin, Referer, Origin,Accept-Encoding","date":"Thu, 08 Oct 2020 19:42:08 GMT","server":"ESF","cache-control":"private","x-xss-protection":"0","x-frame-options":"SAMEORIGIN","x-content-type-options":"nosniff","alt-svc":"h3-Q050=\":443\"; ma=2592000,h3-29=\":443\"; ma=2592000,h3-27=\":443\"; ma=2592000,h3-T051=\":443\"; ma=2592000,h3-T050=\":443\"; ma=2592000,h3-Q046=\":443\"; ma=2592000,h3-Q043=\":443\"; ma=2592000,quic=\":443\"; ma=2592000; v=\"46,43\"","accept-ranges":"none","transfer-encoding":"chunked"}
[debug] [2020-10-08T19:42:08.391Z] <<< HTTP RESPONSE 200 {"content-type":"application/json; charset=UTF-8","vary":"X-Origin, Referer, Origin,Accept-Encoding","date":"Thu, 08 Oct 2020 19:42:08 GMT","server":"ESF","cache-control":"private","x-xss-protection":"0","x-frame-options":"SAMEORIGIN","x-content-type-options":"nosniff","alt-svc":"h3-Q050=\":443\"; ma=2592000,h3-29=\":443\"; ma=2592000,h3-27=\":443\"; ma=2592000,h3-T051=\":443\"; ma=2592000,h3-T050=\":443\"; ma=2592000,h3-Q046=\":443\"; ma=2592000,h3-Q043=\":443\"; ma=2592000,quic=\":443\"; ma=2592000; v=\"46,43\"","accept-ranges":"none","transfer-encoding":"chunked"}
